{
  "RSpec": {
    "coverage": {
      "/home/higor/projects/Novo/app/helpers/application_helper.rb": {
        "lines": [
          1,
          null
        ]
      },
      "/home/higor/projects/Novo/app/helpers/users_helper.rb": {
        "lines": [
          1,
          null
        ]
      },
      "/home/higor/projects/Novo/app/models/info.rb": {
        "lines": [
          1,
          1,
          1,
          null
        ]
      },
      "/home/higor/projects/Novo/app/models/application_record.rb": {
        "lines": [
          1,
          1,
          null
        ]
      },
      "/home/higor/projects/Novo/app/models/user.rb": {
        "lines": [
          1,
          1,
          1,
          1,
          1,
          1,
          1,
          null,
          null,
          1,
          2,
          2,
          null,
          null,
          null,
          null
        ]
      },
      "/home/higor/projects/Novo/app/controllers/application_controller.rb": {
        "lines": [
          1,
          null
        ]
      },
      "/home/higor/projects/Novo/app/controllers/users_controller.rb": {
        "lines": [
          1,
          1,
          null,
          1,
          7,
          null,
          null,
          null,
          null,
          1,
          null,
          null,
          null,
          1,
          2,
          2,
          null,
          null,
          null,
          1,
          null,
          null,
          null,
          null,
          1,
          2,
          2,
          1,
          null,
          1,
          null,
          null,
          null,
          null,
          1,
          6,
          3,
          null,
          null,
          3,
          null,
          null,
          null,
          null,
          null,
          1,
          3,
          3,
          null,
          null,
          null,
          1,
          null,
          1,
          12,
          null,
          null,
          null,
          1,
          8,
          null,
          null,
          null,
          null,
          null,
          null
        ]
      },
      "/home/higor/projects/Novo/app/mailers/application_mailer.rb": {
        "lines": [
          0,
          0,
          0,
          0
        ],
        "branches": {
        }
      },
      "/home/higor/projects/Novo/app/jobs/application_job.rb": {
        "lines": [
          0,
          null,
          null,
          null,
          null,
          null,
          0
        ],
        "branches": {
        }
      },
      "/home/higor/projects/Novo/app/models/clima.rb": {
        "lines": [
          0,
          0
        ],
        "branches": {
        }
      },
      "/home/higor/projects/Novo/app/models/language.rb": {
        "lines": [
          0,
          0
        ],
        "branches": {
        }
      },
      "/home/higor/projects/Novo/app/models/country.rb": {
        "lines": [
          0,
          0,
          null,
          0,
          0,
          0,
          0
        ],
        "branches": {
        }
      },
      "/home/higor/projects/Novo/app/channels/application_cable/connection.rb": {
        "lines": [
          0,
          0,
          0,
          0
        ],
        "branches": {
        }
      },
      "/home/higor/projects/Novo/app/channels/application_cable/channel.rb": {
        "lines": [
          0,
          0,
          0,
          0
        ],
        "branches": {
        }
      }
    },
    "timestamp": 1596466700
  }
}
